<?xml version="1.0" encoding="UTF-8" ?>
<testsuite failures="0" time="110.207" errors="0" skipped="0" tests="23" name="org.opentripplanner.api.resource.TestRequest">
  <properties>
    <property name="java.runtime.name" value="OpenJDK Runtime Environment"/>
    <property name="sun.boot.library.path" value="/usr/lib/jvm/java-7-openjdk-amd64/jre/lib/amd64"/>
    <property name="java.vm.version" value="23.7-b01"/>
    <property name="java.vm.vendor" value="Oracle Corporation"/>
    <property name="java.vendor.url" value="http://java.oracle.com/"/>
    <property name="path.separator" value=":"/>
    <property name="guice.disable.misplaced.annotation.check" value="true"/>
    <property name="java.vm.name" value="OpenJDK 64-Bit Server VM"/>
    <property name="file.encoding.pkg" value="sun.io"/>
    <property name="user.country" value="US"/>
    <property name="sun.java.launcher" value="SUN_STANDARD"/>
    <property name="sun.os.patch.level" value="unknown"/>
    <property name="java.vm.specification.name" value="Java Virtual Machine Specification"/>
    <property name="user.dir" value="/var/www/planner/OpenTripPlanner"/>
    <property name="java.runtime.version" value="1.7.0_25-b30"/>
    <property name="java.awt.graphicsenv" value="sun.awt.X11GraphicsEnvironment"/>
    <property name="java.endorsed.dirs" value="/usr/lib/jvm/java-7-openjdk-amd64/jre/lib/endorsed"/>
    <property name="os.arch" value="amd64"/>
    <property name="java.io.tmpdir" value="/tmp"/>
    <property name="line.separator" value="
"/>
    <property name="java.vm.specification.vendor" value="Oracle Corporation"/>
    <property name="os.name" value="Linux"/>
    <property name="classworlds.conf" value="/usr/share/maven/bin/m2.conf"/>
    <property name="sun.jnu.encoding" value="UTF-8"/>
    <property name="java.library.path" value="/usr/java/packages/lib/amd64:/usr/lib/jni:/lib:/usr/lib"/>
    <property name="java.specification.name" value="Java Platform API Specification"/>
    <property name="java.class.version" value="51.0"/>
    <property name="sun.management.compiler" value="HotSpot 64-Bit Tiered Compilers"/>
    <property name="os.version" value="3.2.0-55-generic"/>
    <property name="user.home" value="/home/maintainer"/>
    <property name="user.timezone" value="Europe/Helsinki"/>
    <property name="java.awt.printerjob" value="sun.print.PSPrinterJob"/>
    <property name="file.encoding" value="UTF-8"/>
    <property name="java.specification.version" value="1.7"/>
    <property name="user.name" value="maintainer"/>
    <property name="java.class.path" value="/usr/share/maven/boot/plexus-classworlds-2.x.jar"/>
    <property name="java.vm.specification.version" value="1.7"/>
    <property name="sun.arch.data.model" value="64"/>
    <property name="java.home" value="/usr/lib/jvm/java-7-openjdk-amd64/jre"/>
    <property name="sun.java.command" value="org.codehaus.plexus.classworlds.launcher.Launcher clean package"/>
    <property name="java.specification.vendor" value="Oracle Corporation"/>
    <property name="user.language" value="en"/>
    <property name="awt.toolkit" value="sun.awt.X11.XToolkit"/>
    <property name="java.vm.info" value="mixed mode"/>
    <property name="java.version" value="1.7.0_25"/>
    <property name="java.ext.dirs" value="/usr/lib/jvm/java-7-openjdk-amd64/jre/lib/ext:/usr/java/packages/lib/ext"/>
    <property name="securerandom.source" value="file:/dev/./urandom"/>
    <property name="sun.boot.class.path" value="/usr/lib/jvm/java-7-openjdk-amd64/jre/lib/resources.jar:/usr/lib/jvm/java-7-openjdk-amd64/jre/lib/rt.jar:/usr/lib/jvm/java-7-openjdk-amd64/jre/lib/sunrsasign.jar:/usr/lib/jvm/java-7-openjdk-amd64/jre/lib/jsse.jar:/usr/lib/jvm/java-7-openjdk-amd64/jre/lib/jce.jar:/usr/lib/jvm/java-7-openjdk-amd64/jre/lib/charsets.jar:/usr/lib/jvm/java-7-openjdk-amd64/jre/lib/netx.jar:/usr/lib/jvm/java-7-openjdk-amd64/jre/lib/plugin.jar:/usr/lib/jvm/java-7-openjdk-amd64/jre/lib/rhino.jar:/usr/lib/jvm/java-7-openjdk-amd64/jre/lib/jfr.jar:/usr/lib/jvm/java-7-openjdk-amd64/jre/classes"/>
    <property name="java.vendor" value="Oracle Corporation"/>
    <property name="maven.home" value="/usr/share/maven"/>
    <property name="file.separator" value="/"/>
    <property name="java.vendor.url.bug" value="http://bugreport.sun.com/bugreport/"/>
    <property name="sun.cpu.endian" value="little"/>
    <property name="sun.io.unicode.encoding" value="UnicodeLittle"/>
    <property name="sun.cpu.isalist" value=""/>
  </properties>
  <testcase time="0" classname="org.opentripplanner.api.resource.TestRequest" name="testRequest"/>
  <testcase time="105.34" classname="org.opentripplanner.api.resource.TestRequest" name="testTimedStopToStopTransfer"/>
  <testcase time="0" classname="org.opentripplanner.api.resource.TestRequest" name="testBuildRequest"/>
  <testcase time="0" classname="org.opentripplanner.api.resource.TestRequest" name="testPlanner"/>
  <testcase time="0.186" classname="org.opentripplanner.api.resource.TestRequest" name="testFirstTrip"/>
  <testcase time="0" classname="org.opentripplanner.api.resource.TestRequest" name="testAlerts"/>
  <testcase time="0.14" classname="org.opentripplanner.api.resource.TestRequest" name="testIntermediate"/>
  <testcase time="0.018" classname="org.opentripplanner.api.resource.TestRequest" name="testBikeRental"/>
  <testcase time="0.109" classname="org.opentripplanner.api.resource.TestRequest" name="testMetadata"/>
  <testcase time="0.062" classname="org.opentripplanner.api.resource.TestRequest" name="testPatcher"/>
  <testcase time="0.525" classname="org.opentripplanner.api.resource.TestRequest" name="testRouters"/>
  <testcase time="0.103" classname="org.opentripplanner.api.resource.TestRequest" name="testTransitIndex"/>
  <testcase time="0.005" classname="org.opentripplanner.api.resource.TestRequest" name="testBannedTrips"/>
  <testcase time="0.011" classname="org.opentripplanner.api.resource.TestRequest" name="testBannedStops"/>
  <testcase time="0" classname="org.opentripplanner.api.resource.TestRequest" name="testBannedStopGroup"/>
  <testcase time="1.818" classname="org.opentripplanner.api.resource.TestRequest" name="testBannedStopsHard"/>
  <testcase time="0.504" classname="org.opentripplanner.api.resource.TestRequest" name="testWalkLimitExceeded"/>
  <testcase time="0.218" classname="org.opentripplanner.api.resource.TestRequest" name="testTransferPenalty"/>
  <testcase time="0.216" classname="org.opentripplanner.api.resource.TestRequest" name="testTransferPenalty2"/>
  <testcase time="0.223" classname="org.opentripplanner.api.resource.TestRequest" name="testTripToTripTransfer"/>
  <testcase time="0.104" classname="org.opentripplanner.api.resource.TestRequest" name="testForbiddenTripToTripTransfer"/>
  <testcase time="0.215" classname="org.opentripplanner.api.resource.TestRequest" name="testPreferredTripToTripTransfer"/>
  <testcase time="0.41" classname="org.opentripplanner.api.resource.TestRequest" name="testTimedTripToTripTransfer"/>
</testsuite>